Arguments: 
  C:\Program Files\nodejs\node.exe C:\Program Files (x86)\Yarn\bin\yarn.js

PATH: 
  C:\ProgramData\Oracle\Java\javapath;C:\Windows\system32;C:\Windows;C:\Windows\System32\Wbem;C:\Windows\System32\WindowsPowerShell\v1.0\;D:\Program Files (x86)\svn\bin;C:\Program Files\Git\cmd;%CURL_HOME%\I386;%NVM_HOME%;%NVM_SYMLINK%;C:\Program Files\MongoDB\Server\3.6\bin;C:\Program Files (x86)\Yarn\bin;C:\Ruby24-x64\bin;C:\Users\gztp\AppData\Local\Microsoft\WindowsApps;C:\Users\gztp\AppData\Local\GitHubDesktop\bin;C:\Users\gztp\AppData\Roaming\npm;C:\Users\gztp\AppData\Roaming\nvm;C:\Program Files\nodejs;C:\Users\gztp\AppData\Local\Yarn\bin

Yarn version: 
  1.3.2

Node version: 
  8.9.4

Platform: 
  win32 x64

npm manifest: 
  {
    "name": "movie",
    "version": "1.0.0",
    "description": "a movie web created by node",
    "main": "app.js",
    "scripts": {
      "dev": "node app.js"
    },
    "repository": {
      "type": "git",
      "url": "git+https://github.com/lantuhui/movie.git"
    },
    "keywords": [
      "node",
      "mongodb"
    ],
    "author": "lantu",
    "license": "MIT",
    "bugs": {
      "url": "https://github.com/lantuhui/movie/issues"
    },
    "homepage": "https://github.com/lantuhui/movie#readme",
    "dependencies": {
      "koa": "^2.4.1",
      "koa-body": "^2.5.0",
      "koa-pug": "^3.0.0-2",
      "koa-router": "^7.3.0",
      "koa-static": "^4.0.2",
      "moment": "^2.20.1",
      "mongoose": "^4.13.9"
    }
  }

yarn manifest: 
  No manifest

Lockfile: 
  No lockfile

Trace: 
  Error: ENOENT: no such file or directory, copyfile 'C:\Users\gztp\AppData\Local\Yarn\cache\v1\npm-setprototypeof-1.0.2-81a552141ec104b88e89ce383103ad5c66564d08\index.js' -> 'E:\蓝图\node\my-practices\movie\node_modules\resolve-path\node_modules\setprototypeof\index.js'
